
Showing logs for build [32mcb-kubecd-environment-pr-206-58-r849x-1[0m stage [32mfrom-build-pack[0m and container [32mstep-credential-initializer-vdhsj[0m
{"level":"info","ts":1587583985.455353,"logger":"fallback-logger","caller":"logging/config.go:69","msg":"Fetch GitHub commit ID from kodata failed: open /var/run/ko/refs/heads/0.8.0-ns-support: no such file or directory"}
{"level":"info","ts":1587583985.4558945,"logger":"fallback-logger","caller":"creds-init/main.go:40","msg":"Credentials initialized."}

Showing logs for build [32mcb-kubecd-environment-pr-206-58-r849x-1[0m stage [32mfrom-build-pack[0m and container [32mstep-working-dir-initializer-dhtjn[0m
{"level":"info","ts":1587583986.3161144,"logger":"fallback-logger","caller":"logging/config.go:69","msg":"Fetch GitHub commit ID from kodata failed: open /var/run/ko/HEAD: no such file or directory"}
{"level":"info","ts":1587583986.3215134,"logger":"fallback-logger","caller":"bash/main.go:64","msg":"Successfully executed command \"sh -c mkdir -p /workspace/source\"; output "}

Showing logs for build [32mcb-kubecd-environment-pr-206-58-r849x-1[0m stage [32mfrom-build-pack[0m and container [32mstep-place-tools[0m

Showing logs for build [32mcb-kubecd-environment-pr-206-58-r849x-1[0m stage [32mfrom-build-pack[0m and container [32mstep-git-source-cb-kubecd-environment-pr-206-58-r849x-lsn54[0m
{"level":"info","ts":1587583990.4569957,"logger":"fallback-logger","caller":"logging/config.go:69","msg":"Fetch GitHub commit ID from kodata failed: open /var/run/ko/refs/heads/0.8.0-ns-support: no such file or directory"}
{"level":"info","ts":1587583991.5596511,"logger":"fallback-logger","caller":"git/git.go:103","msg":"Successfully cloned https://github.com/cb-kubecd/environment-pr-206-58-boot-gke-staging.git @ master in path /workspace/source"}

Showing logs for build [32mcb-kubecd-environment-pr-206-58-r849x-1[0m stage [32mfrom-build-pack[0m and container [32mstep-git-merge[0m
Using SHAs from PULL_REFS=master:a24e05d7285f3554852fc7150acede2e2d60b09a,5:498b45e7d141d5cada4964dc39ceb27667fe2c57
DEBUG: LC_ALL=C JX_LOG_LEVEL=error git fetch origin --unshallow 498b45e7d141d5cada4964dc39ceb27667fe2c57: a24e05d7285f3554852fc7150acede2e2d60b09a:
DEBUG: ran git fetch --unshallow origin 498b45e7d141d5cada4964dc39ceb27667fe2c57: a24e05d7285f3554852fc7150acede2e2d60b09a: in 
DEBUG: LC_ALL=C JX_LOG_LEVEL=error git branch
DEBUG: LC_ALL=C JX_LOG_LEVEL=error git checkout master
DEBUG: ran git checkout master in 
DEBUG: LC_ALL=C JX_LOG_LEVEL=error git reset --hard a24e05d7285f3554852fc7150acede2e2d60b09a
DEBUG: ran git reset --hard a24e05d7285f3554852fc7150acede2e2d60b09a in 
DEBUG: LC_ALL=C JX_LOG_LEVEL=error git clean -fd .
DEBUG: ran clean --force -d . in 
DEBUG: LC_ALL=C JX_LOG_LEVEL=error git merge 498b45e7d141d5cada4964dc39ceb27667fe2c57
DEBUG: ran git merge 498b45e7d141d5cada4964dc39ceb27667fe2c57 in 
DEBUG: LC_ALL=C JX_LOG_LEVEL=error git log --format=%H%x1f%an%x1f%ae%x1f%cn%x1f%ce%x1f%s%n%b%x1e a24e05d7285f3554852fc7150acede2e2d60b09a..HEAD
Merged SHA 498b45e7d141d5cada4964dc39ceb27667fe2c57 with commit message 'chore: Promote bdd-ghf**y-import-1587583666 to version 0.0.1' into base branch master

Showing logs for build [32mcb-kubecd-environment-pr-206-58-r849x-1[0m stage [32mfrom-build-pack[0m and container [32mstep-build-helm-build[0m
WARNING: No $CHART_REPOSITORY defined so using the default value of: http://jenkins-x-chartmuseum:8080
Adding missing Helm repo: storage.googleapis.com https://storage.googleapis.com/chartmuseum.jenkins-x.io
WARNING: No secrets found on "helm/repos" due: reading the secret "helm/repos" from vault: no secret "helm/repos" not found in vault
Read credentials for https://storage.googleapis.com/chartmuseum.jenkins-x.io from vault helm/repos
Successfully added Helm repository storage.googleapis.com.
Adding missing Helm repo: jenkins-x-chartmuseum http://jenkins-x-chartmuseum:8080
WARNING: No secrets found on "helm/repos" due: reading the secret "helm/repos" from vault: no secret "helm/repos" not found in vault
Read credentials for http://jenkins-x-chartmuseum:8080 from vault helm/repos
Successfully added Helm repository jenkins-x-chartmuseum.
WARNING: No $CHART_REPOSITORY defined so using the default value of: http://jenkins-x-chartmuseum:8080
Adding missing Helm repo: chartmuseum.jenkins-x.io http://chartmuseum.jenkins-x.io
WARNING: No secrets found on "helm/repos" due: reading the secret "helm/repos" from vault: no secret "helm/repos" not found in vault
Read credentials for http://chartmuseum.jenkins-x.io from vault helm/repos
Successfully added Helm repository chartmuseum.jenkins-x.io.
