
Showing logs for build [32mcb-kubecd-environment-pr-206-58-fl6ck-1[0m stage [32mfrom-build-pack[0m and container [32mstep-credential-initializer-7nxfx[0m
{"level":"info","ts":1587581550.7697031,"logger":"fallback-logger","caller":"logging/config.go:69","msg":"Fetch GitHub commit ID from kodata failed: open /var/run/ko/refs/heads/0.8.0-ns-support: no such file or directory"}
{"level":"info","ts":1587581550.770515,"logger":"fallback-logger","caller":"creds-init/main.go:40","msg":"Credentials initialized."}

Showing logs for build [32mcb-kubecd-environment-pr-206-58-fl6ck-1[0m stage [32mfrom-build-pack[0m and container [32mstep-working-dir-initializer-8hhb2[0m
{"level":"info","ts":1587581551.1507792,"logger":"fallback-logger","caller":"logging/config.go:69","msg":"Fetch GitHub commit ID from kodata failed: open /var/run/ko/HEAD: no such file or directory"}
{"level":"info","ts":1587581551.1530628,"logger":"fallback-logger","caller":"bash/main.go:64","msg":"Successfully executed command \"sh -c mkdir -p /workspace/source\"; output "}

Showing logs for build [32mcb-kubecd-environment-pr-206-58-fl6ck-1[0m stage [32mfrom-build-pack[0m and container [32mstep-place-tools[0m

Showing logs for build [32mcb-kubecd-environment-pr-206-58-fl6ck-1[0m stage [32mfrom-build-pack[0m and container [32mstep-git-source-cb-kubecd-environment-pr-206-58-fl6ck-5qfvk[0m
{"level":"info","ts":1587581581.2133577,"logger":"fallback-logger","caller":"logging/config.go:69","msg":"Fetch GitHub commit ID from kodata failed: open /var/run/ko/refs/heads/0.8.0-ns-support: no such file or directory"}
{"level":"info","ts":1587581582.3890953,"logger":"fallback-logger","caller":"git/git.go:103","msg":"Successfully cloned https://github.com/cb-kubecd/environment-pr-206-58-boot-gke-staging.git @ master in path /workspace/source"}

Showing logs for build [32mcb-kubecd-environment-pr-206-58-fl6ck-1[0m stage [32mfrom-build-pack[0m and container [32mstep-git-merge[0m
Using SHAs from PULL_REFS=master:d2aaf8fd2ad28d995e788c2566d98c82fc0c2d3e,2:28559ce23b63a86714969a6b19e2dc146c58309a
DEBUG: LC_ALL=C JX_LOG_LEVEL=error git fetch origin --unshallow 28559ce23b63a86714969a6b19e2dc146c58309a: d2aaf8fd2ad28d995e788c2566d98c82fc0c2d3e:
DEBUG: ran git fetch --unshallow origin 28559ce23b63a86714969a6b19e2dc146c58309a: d2aaf8fd2ad28d995e788c2566d98c82fc0c2d3e: in 
DEBUG: LC_ALL=C JX_LOG_LEVEL=error git branch
DEBUG: LC_ALL=C JX_LOG_LEVEL=error git checkout master
DEBUG: ran git checkout master in 
DEBUG: LC_ALL=C JX_LOG_LEVEL=error git reset --hard d2aaf8fd2ad28d995e788c2566d98c82fc0c2d3e
DEBUG: ran git reset --hard d2aaf8fd2ad28d995e788c2566d98c82fc0c2d3e in 
DEBUG: LC_ALL=C JX_LOG_LEVEL=error git clean -fd .
DEBUG: ran clean --force -d . in 
DEBUG: LC_ALL=C JX_LOG_LEVEL=error git merge 28559ce23b63a86714969a6b19e2dc146c58309a
DEBUG: ran git merge 28559ce23b63a86714969a6b19e2dc146c58309a in 
DEBUG: LC_ALL=C JX_LOG_LEVEL=error git log --format=%H%x1f%an%x1f%ae%x1f%cn%x1f%ce%x1f%s%n%b%x1e d2aaf8fd2ad28d995e788c2566d98c82fc0c2d3e..HEAD
Merged SHA 28559ce23b63a86714969a6b19e2dc146c58309a with commit message 'chore: Promote bdd-gh-1587581281 to version 0.0.1' into base branch master

Showing logs for build [32mcb-kubecd-environment-pr-206-58-fl6ck-1[0m stage [32mfrom-build-pack[0m and container [32mstep-build-helm-build[0m
WARNING: No $CHART_REPOSITORY defined so using the default value of: http://jenkins-x-chartmuseum:8080
Adding missing Helm repo: storage.googleapis.com https://storage.googleapis.com/chartmuseum.jenkins-x.io
WARNING: No secrets found on "helm/repos" due: reading the secret "helm/repos" from vault: no secret "helm/repos" not found in vault
Read credentials for https://storage.googleapis.com/chartmuseum.jenkins-x.io from vault helm/repos
Successfully added Helm repository storage.googleapis.com.
Adding missing Helm repo: jenkins-x-chartmuseum http://jenkins-x-chartmuseum:8080
WARNING: No secrets found on "helm/repos" due: reading the secret "helm/repos" from vault: no secret "helm/repos" not found in vault
Read credentials for http://jenkins-x-chartmuseum:8080 from vault helm/repos
Successfully added Helm repository jenkins-x-chartmuseum.
WARNING: No $CHART_REPOSITORY defined so using the default value of: http://jenkins-x-chartmuseum:8080
Adding missing Helm repo: chartmuseum.jenkins-x.io http://chartmuseum.jenkins-x.io
WARNING: No secrets found on "helm/repos" due: reading the secret "helm/repos" from vault: no secret "helm/repos" not found in vault
Read credentials for http://chartmuseum.jenkins-x.io from vault helm/repos
Successfully added Helm repository chartmuseum.jenkins-x.io.
