
Showing logs for build [32mcb-kubecd-environment-pr-206-58-ctp6z-1[0m stage [32mfrom-build-pack[0m and container [32mstep-credential-initializer-vmnph[0m
{"level":"info","ts":1587584559.650853,"logger":"fallback-logger","caller":"logging/config.go:69","msg":"Fetch GitHub commit ID from kodata failed: open /var/run/ko/refs/heads/0.8.0-ns-support: no such file or directory"}
{"level":"info","ts":1587584559.6517296,"logger":"fallback-logger","caller":"creds-init/main.go:40","msg":"Credentials initialized."}

Showing logs for build [32mcb-kubecd-environment-pr-206-58-ctp6z-1[0m stage [32mfrom-build-pack[0m and container [32mstep-working-dir-initializer-l9bd8[0m
{"level":"info","ts":1587584561.057865,"logger":"fallback-logger","caller":"logging/config.go:69","msg":"Fetch GitHub commit ID from kodata failed: open /var/run/ko/HEAD: no such file or directory"}
{"level":"info","ts":1587584561.06159,"logger":"fallback-logger","caller":"bash/main.go:64","msg":"Successfully executed command \"sh -c mkdir -p /workspace/source\"; output "}

Showing logs for build [32mcb-kubecd-environment-pr-206-58-ctp6z-1[0m stage [32mfrom-build-pack[0m and container [32mstep-place-tools[0m

Showing logs for build [32mcb-kubecd-environment-pr-206-58-ctp6z-1[0m stage [32mfrom-build-pack[0m and container [32mstep-git-source-cb-kubecd-environment-pr-206-58-ctp6z-5rtlz[0m
{"level":"info","ts":1587584566.2474256,"logger":"fallback-logger","caller":"logging/config.go:69","msg":"Fetch GitHub commit ID from kodata failed: open /var/run/ko/refs/heads/0.8.0-ns-support: no such file or directory"}
{"level":"info","ts":1587584567.4007452,"logger":"fallback-logger","caller":"git/git.go:103","msg":"Successfully cloned https://github.com/cb-kubecd/environment-pr-206-58-boot-gke-staging.git @ master in path /workspace/source"}

Showing logs for build [32mcb-kubecd-environment-pr-206-58-ctp6z-1[0m stage [32mfrom-build-pack[0m and container [32mstep-git-merge[0m
Using SHAs from PULL_REFS=master:b241109ce3b53432f480d120dca0c139ae2c436b,6:0c5d4d7491edb883c0cc0a124e7762e837d4b54a
DEBUG: LC_ALL=C JX_LOG_LEVEL=error git fetch origin --unshallow 0c5d4d7491edb883c0cc0a124e7762e837d4b54a: b241109ce3b53432f480d120dca0c139ae2c436b:
DEBUG: ran git fetch --unshallow origin 0c5d4d7491edb883c0cc0a124e7762e837d4b54a: b241109ce3b53432f480d120dca0c139ae2c436b: in 
DEBUG: LC_ALL=C JX_LOG_LEVEL=error git branch
DEBUG: LC_ALL=C JX_LOG_LEVEL=error git checkout master
DEBUG: ran git checkout master in 
DEBUG: LC_ALL=C JX_LOG_LEVEL=error git reset --hard b241109ce3b53432f480d120dca0c139ae2c436b
DEBUG: ran git reset --hard b241109ce3b53432f480d120dca0c139ae2c436b in 
DEBUG: LC_ALL=C JX_LOG_LEVEL=error git clean -fd .
DEBUG: ran clean --force -d . in 
DEBUG: LC_ALL=C JX_LOG_LEVEL=error git merge 0c5d4d7491edb883c0cc0a124e7762e837d4b54a
DEBUG: ran git merge 0c5d4d7491edb883c0cc0a124e7762e837d4b54a in 
DEBUG: LC_ALL=C JX_LOG_LEVEL=error git log --format=%H%x1f%an%x1f%ae%x1f%cn%x1f%ce%x1f%s%n%b%x1e b241109ce3b53432f480d120dca0c139ae2c436b..HEAD
Merged SHA 0c5d4d7491edb883c0cc0a124e7762e837d4b54a with commit message 'chore: Promote bdd-sbrp-import-1587583666 to version 0.0.1' into base branch master

Showing logs for build [32mcb-kubecd-environment-pr-206-58-ctp6z-1[0m stage [32mfrom-build-pack[0m and container [32mstep-build-helm-build[0m
WARNING: No $CHART_REPOSITORY defined so using the default value of: http://jenkins-x-chartmuseum:8080
Adding missing Helm repo: storage.googleapis.com https://storage.googleapis.com/chartmuseum.jenkins-x.io
WARNING: No secrets found on "helm/repos" due: reading the secret "helm/repos" from vault: no secret "helm/repos" not found in vault
Read credentials for https://storage.googleapis.com/chartmuseum.jenkins-x.io from vault helm/repos
Successfully added Helm repository storage.googleapis.com.
Adding missing Helm repo: jenkins-x-chartmuseum http://jenkins-x-chartmuseum:8080
WARNING: No secrets found on "helm/repos" due: reading the secret "helm/repos" from vault: no secret "helm/repos" not found in vault
Read credentials for http://jenkins-x-chartmuseum:8080 from vault helm/repos
Successfully added Helm repository jenkins-x-chartmuseum.
WARNING: No $CHART_REPOSITORY defined so using the default value of: http://jenkins-x-chartmuseum:8080
Adding missing Helm repo: chartmuseum.jenkins-x.io http://chartmuseum.jenkins-x.io
WARNING: No secrets found on "helm/repos" due: reading the secret "helm/repos" from vault: no secret "helm/repos" not found in vault
Read credentials for http://chartmuseum.jenkins-x.io from vault helm/repos
Successfully added Helm repository chartmuseum.jenkins-x.io.
